<?xml version="1.0" encoding="UTF-8"?>
<!-- Generated by org.testng.reporters.JUnitReportReporter -->
<testsuite hostname="DESKTOP-DUPTFG5" failures="0" tests="1" name="PS1" time="0.207" errors="0" timestamp="2024-11-21T21:38:23 IST" skipped="0">
  <testcase classname="PS1" name="getValue" time="0.207"/>
  <system-out/>
</testsuite> <!-- PS1 -->
